TN:
SF:libs/cdk/src/lib/cdk-config.ts
FN:25,mergeDefaultConfig
FNF:1
FNH:0
FNDA:0,mergeDefaultConfig
DA:1,1
DA:3,1
DA:4,1
DA:6,1
DA:10,1
DA:25,1
DA:28,0
DA:33,0
LF:8
LH:6
BRDA:29,0,0,0
BRDA:29,0,1,0
BRF:2
BRH:0
end_of_record
TN:
SF:libs/cdk/src/lib/model.ts
FN:12,(anonymous_0)
FNF:1
FNH:1
FNDA:1,(anonymous_0)
DA:12,1
DA:13,1
DA:14,1
DA:15,1
DA:16,1
LF:5
LH:5
BRDA:12,0,0,1
BRDA:12,0,1,1
BRF:2
BRH:2
end_of_record
TN:
SF:libs/cdk/src/lib/render-strategies/concurrent-strategies.ts
FN:26,(anonymous_0)
FN:27,(anonymous_1)
FN:28,(anonymous_2)
FN:35,(anonymous_3)
FN:36,(anonymous_4)
FN:37,(anonymous_5)
FN:49,(anonymous_6)
FN:50,(anonymous_7)
FN:51,(anonymous_8)
FN:63,(anonymous_9)
FN:64,(anonymous_10)
FN:65,(anonymous_11)
FN:72,(anonymous_12)
FN:73,(anonymous_13)
FN:74,(anonymous_14)
FN:81,(anonymous_15)
FN:82,(anonymous_16)
FN:83,(anonymous_17)
FN:88,scheduleOnQueue
FN:96,(anonymous_19)
FN:98,(anonymous_20)
FN:99,(anonymous_21)
FN:100,(anonymous_22)
FN:104,(anonymous_23)
FN:111,(anonymous_24)
FNF:25
FNH:0
FNDA:0,(anonymous_0)
FNDA:0,(anonymous_1)
FNDA:0,(anonymous_2)
FNDA:0,(anonymous_3)
FNDA:0,(anonymous_4)
FNDA:0,(anonymous_5)
FNDA:0,(anonymous_6)
FNDA:0,(anonymous_7)
FNDA:0,(anonymous_8)
FNDA:0,(anonymous_9)
FNDA:0,(anonymous_10)
FNDA:0,(anonymous_11)
FNDA:0,(anonymous_12)
FNDA:0,(anonymous_13)
FNDA:0,(anonymous_14)
FNDA:0,(anonymous_15)
FNDA:0,(anonymous_16)
FNDA:0,(anonymous_17)
FNDA:0,scheduleOnQueue
FNDA:0,(anonymous_19)
FNDA:0,(anonymous_20)
FNDA:0,(anonymous_21)
FNDA:0,(anonymous_22)
FNDA:0,(anonymous_23)
FNDA:0,(anonymous_24)
DA:1,1
DA:2,1
DA:3,1
DA:20,1
DA:22,1
DA:24,1
DA:26,0
DA:28,0
DA:29,0
DA:33,1
DA:35,0
DA:37,0
DA:38,0
DA:47,1
DA:49,0
DA:51,0
DA:52,0
DA:61,1
DA:63,0
DA:65,0
DA:66,0
DA:70,1
DA:72,0
DA:74,0
DA:75,0
DA:79,1
DA:81,0
DA:83,0
DA:84,0
DA:96,0
DA:97,0
DA:98,0
DA:100,0
DA:101,0
DA:102,0
DA:105,0
DA:106,0
DA:107,0
DA:111,0
DA:112,0
DA:113,0
DA:121,1
LF:42
LH:12
BRF:0
BRH:0
end_of_record
TN:
SF:libs/cdk/src/lib/render-strategies/native-strategies.ts
FN:15,(anonymous_0)
FN:16,(anonymous_1)
FN:17,(anonymous_2)
FN:21,(anonymous_3)
FN:28,(anonymous_4)
FN:31,(anonymous_5)
FN:31,(anonymous_6)
FN:34,(anonymous_7)
FN:40,(anonymous_8)
FN:41,(anonymous_9)
FN:41,(anonymous_10)
FN:41,(anonymous_11)
FN:46,(anonymous_12)
FN:47,(anonymous_13)
FN:47,(anonymous_14)
FN:52,(anonymous_15)
FN:53,(anonymous_16)
FN:53,(anonymous_17)
FN:53,(anonymous_18)
FNF:19
FNH:0
FNDA:0,(anonymous_0)
FNDA:0,(anonymous_1)
FNDA:0,(anonymous_2)
FNDA:0,(anonymous_3)
FNDA:0,(anonymous_4)
FNDA:0,(anonymous_5)
FNDA:0,(anonymous_6)
FNDA:0,(anonymous_7)
FNDA:0,(anonymous_8)
FNDA:0,(anonymous_9)
FNDA:0,(anonymous_10)
FNDA:0,(anonymous_11)
FNDA:0,(anonymous_12)
FNDA:0,(anonymous_13)
FNDA:0,(anonymous_14)
FNDA:0,(anonymous_15)
FNDA:0,(anonymous_16)
FNDA:0,(anonymous_17)
FNDA:0,(anonymous_18)
DA:1,1
DA:2,1
DA:3,1
DA:9,1
DA:10,1
DA:15,1
DA:16,0
DA:17,0
DA:18,0
DA:19,0
DA:21,0
DA:22,0
DA:26,1
DA:29,0
DA:31,0
DA:32,0
DA:34,0
DA:38,1
DA:40,0
DA:41,0
DA:44,1
DA:46,0
DA:47,0
DA:50,1
DA:52,0
DA:53,0
DA:57,1
LF:27
LH:11
BRF:0
BRH:0
end_of_record
TN:
SF:libs/cdk/src/lib/render-strategies/strategy-provider.service.ts
FN:70,(anonymous_0)
FN:66,(anonymous_1)
FN:66,(anonymous_2)
FN:40,(anonymous_3)
FN:44,(anonymous_4)
FN:48,(anonymous_5)
FN:49,(anonymous_6)
FN:52,(anonymous_7)
FN:56,(anonymous_8)
FN:80,(anonymous_9)
FN:87,(anonymous_10)
FN:89,(anonymous_11)
FN:93,(anonymous_12)
FN:102,(anonymous_13)
FN:113,(anonymous_14)
FN:117,(anonymous_15)
FN:120,(anonymous_16)
FN:130,(anonymous_17)
FN:139,(anonymous_18)
FN:150,getWork
FN:156,(anonymous_20)
FN:156,(anonymous_21)
FNF:22
FNH:0
FNDA:0,(anonymous_0)
FNDA:0,(anonymous_1)
FNDA:0,(anonymous_2)
FNDA:0,(anonymous_3)
FNDA:0,(anonymous_4)
FNDA:0,(anonymous_5)
FNDA:0,(anonymous_6)
FNDA:0,(anonymous_7)
FNDA:0,(anonymous_8)
FNDA:0,(anonymous_9)
FNDA:0,(anonymous_10)
FNDA:0,(anonymous_11)
FNDA:0,(anonymous_12)
FNDA:0,(anonymous_13)
FNDA:0,(anonymous_14)
FNDA:0,(anonymous_15)
FNDA:0,(anonymous_16)
FNDA:0,(anonymous_17)
FNDA:0,(anonymous_18)
FNDA:0,getWork
FNDA:0,(anonymous_20)
FNDA:0,(anonymous_21)
DA:1,1
DA:8,1
DA:14,1
DA:15,1
DA:22,1
DA:33,1
DA:34,0
DA:35,0
DA:41,0
DA:45,0
DA:49,0
DA:53,0
DA:57,0
DA:62,0
DA:63,0
DA:65,0
DA:66,0
DA:75,0
DA:76,0
DA:77,0
DA:84,0
DA:85,0
DA:86,0
DA:87,0
DA:88,0
DA:90,0
DA:94,0
DA:106,0
DA:107,0
DA:108,0
DA:110,0
DA:114,0
DA:117,0
DA:127,0
DA:128,0
DA:129,0
DA:130,0
DA:131,0
DA:132,0
DA:133,0
DA:136,0
DA:140,0
DA:146,0
DA:154,0
DA:155,0
DA:156,0
DA:158,0
LF:47
LH:6
BRDA:84,0,0,0
BRDA:84,0,1,0
BRDA:84,1,0,0
BRDA:84,1,1,0
BRDA:84,2,0,0
BRDA:84,2,1,0
BRDA:85,3,0,0
BRDA:85,3,1,0
BRDA:85,4,0,0
BRDA:85,4,1,0
BRDA:85,5,0,0
BRDA:85,5,1,0
BRDA:86,6,0,0
BRDA:86,6,1,0
BRDA:86,7,0,0
BRDA:86,7,1,0
BRDA:106,8,0,0
BRDA:106,8,1,0
BRDA:106,9,0,0
BRDA:106,9,1,0
BRDA:106,10,0,0
BRDA:106,10,1,0
BRDA:107,11,0,0
BRDA:107,11,1,0
BRDA:107,12,0,0
BRDA:107,12,1,0
BRDA:107,13,0,0
BRDA:107,13,1,0
BRDA:108,14,0,0
BRDA:108,14,1,0
BRDA:108,15,0,0
BRDA:108,15,1,0
BRDA:127,16,0,0
BRDA:127,16,1,0
BRDA:127,17,0,0
BRDA:127,17,1,0
BRDA:127,18,0,0
BRDA:127,18,1,0
BRDA:128,19,0,0
BRDA:128,19,1,0
BRDA:128,20,0,0
BRDA:128,20,1,0
BRDA:128,21,0,0
BRDA:128,21,1,0
BRDA:129,22,0,0
BRDA:129,22,1,0
BRDA:129,23,0,0
BRDA:129,23,1,0
BRDA:129,24,0,0
BRDA:129,24,1,0
BRDA:132,25,0,0
BRDA:132,25,1,0
BRDA:132,26,0,0
BRDA:132,26,1,0
BRDA:132,27,0,0
BRDA:132,27,1,0
BRDA:155,28,0,0
BRDA:155,28,1,0
BRF:58
BRH:0
end_of_record
TN:
SF:libs/cdk/src/lib/render-strategies/scheduler/scheduler.ts
FN:511,(anonymous_0)
FN:512,(anonymous_1)
FN:513,(anonymous_2)
FN:515,(anonymous_3)
FN:514,(anonymous_4)
FN:23,(anonymous_5)
FN:27,(anonymous_6)
FN:92,advanceTimers
FN:112,handleTimeout
FN:129,flushWork
FN:149,workLoop
FN:193,runWithPriority
FN:215,next
FN:240,wrapCallback
FN:242,(anonymous_14)
FN:256,scheduleCallback
FN:335,pauseExecution
FN:339,continueExecution
FN:347,getFirstCallbackNode
FN:351,cancelCallback
FN:358,getCurrentPriorityLevel
FN:378,shouldYieldToHost
FN:414,requestPaint
FN:427,forceFrameRate
FN:444,(anonymous_24)
FN:488,requestHostCallback
FN:497,requestHostTimeout
FN:498,(anonymous_27)
FN:503,cancelHostTimeout
FNF:29
FNH:1
FNDA:0,(anonymous_0)
FNDA:0,(anonymous_1)
FNDA:0,(anonymous_2)
FNDA:0,(anonymous_3)
FNDA:0,(anonymous_4)
FNDA:0,(anonymous_5)
FNDA:0,(anonymous_6)
FNDA:0,advanceTimers
FNDA:0,handleTimeout
FNDA:0,flushWork
FNDA:0,workLoop
FNDA:0,runWithPriority
FNDA:0,next
FNDA:0,wrapCallback
FNDA:0,(anonymous_14)
FNDA:0,scheduleCallback
FNDA:0,pauseExecution
FNDA:0,continueExecution
FNDA:0,getFirstCallbackNode
FNDA:0,cancelCallback
FNDA:0,getCurrentPriorityLevel
FNDA:0,shouldYieldToHost
FNDA:0,requestPaint
FNDA:1,forceFrameRate
FNDA:0,(anonymous_24)
FNDA:0,requestHostCallback
FNDA:0,requestHostTimeout
FNDA:0,(anonymous_27)
FNDA:0,cancelHostTimeout
DA:3,1
DA:4,1
DA:7,1
DA:15,1
DA:19,1
DA:21,1
DA:22,1
DA:23,1
DA:25,0
DA:26,0
DA:27,0
DA:33,1
DA:36,1
DA:38,1
DA:39,1
DA:40,1
DA:42,1
DA:45,1
DA:46,1
DA:49,1
DA:52,1
DA:54,1
DA:55,1
DA:58,1
DA:60,1
DA:61,1
DA:64,1
DA:65,1
DA:67,1
DA:71,1
DA:72,1
DA:74,1
DA:76,0
DA:82,1
DA:84,0
DA:94,0
DA:95,0
DA:96,0
DA:98,0
DA:99,0
DA:101,0
DA:102,0
DA:103,0
DA:106,0
DA:108,0
DA:113,0
DA:114,0
DA:116,0
DA:117,0
DA:118,0
DA:119,0
DA:121,0
DA:122,0
DA:123,0
DA:131,0
DA:132,0
DA:134,0
DA:135,0
DA:138,0
DA:139,0
DA:140,0
DA:141,0
DA:143,0
DA:144,0
DA:145,0
DA:150,0
DA:151,0
DA:152,0
DA:153,0
DA:154,0
DA:159,0
DA:161,0
DA:162,0
DA:163,0
DA:164,0
DA:165,0
DA:166,0
DA:167,0
DA:168,0
DA:169,0
DA:171,0
DA:172,0
DA:175,0
DA:177,0
DA:179,0
DA:182,0
DA:183,0
DA:185,0
DA:186,0
DA:187,0
DA:189,0
DA:194,0
DA:200,0
DA:202,0
DA:205,0
DA:206,0
DA:208,0
DA:209,0
DA:211,0
DA:217,0
DA:222,0
DA:223,0
DA:226,0
DA:227,0
DA:230,0
DA:231,0
DA:233,0
DA:234,0
DA:236,0
DA:241,0
DA:242,0
DA:244,0
DA:245,0
DA:247,0
DA:249,0
DA:251,0
DA:261,0
DA:264,0
DA:265,0
DA:266,0
DA:267,0
DA:269,0
DA:272,0
DA:276,0
DA:278,0
DA:279,0
DA:281,0
DA:282,0
DA:284,0
DA:285,0
DA:287,0
DA:288,0
DA:291,0
DA:292,0
DA:295,0
DA:297,0
DA:306,0
DA:308,0
DA:309,0
DA:310,0
DA:312,0
DA:314,0
DA:316,0
DA:319,0
DA:322,0
DA:323,0
DA:326,0
DA:327,0
DA:328,0
DA:332,0
DA:336,0
DA:340,0
DA:341,0
DA:342,0
DA:343,0
DA:348,0
DA:355,0
DA:359,0
DA:362,1
DA:363,1
DA:364,1
DA:370,1
DA:371,1
DA:375,1
DA:376,1
DA:379,0
DA:385,0
DA:386,0
DA:387,0
DA:396,0
DA:398,0
DA:402,0
DA:405,0
DA:410,0
DA:415,0
DA:421,0
DA:428,1
DA:430,0
DA:434,0
DA:436,1
DA:437,1
DA:440,0
DA:444,1
DA:445,0
DA:446,0
DA:450,0
DA:451,0
DA:459,0
DA:460,0
DA:461,0
DA:463,0
DA:467,0
DA:469,0
DA:470,0
DA:474,0
DA:478,0
DA:481,1
DA:482,1
DA:484,1
DA:485,1
DA:489,0
DA:490,0
DA:491,0
DA:493,0
DA:498,0
DA:499,0
DA:504,0
DA:505,0
DA:508,1
DA:511,1
DA:512,1
DA:513,1
DA:514,1
DA:515,1
DA:516,1
DA:517,1
DA:518,1
DA:519,1
DA:520,1
DA:521,1
DA:522,1
DA:523,1
DA:524,1
DA:525,1
DA:526,1
DA:527,1
DA:528,1
LF:227
LH:64
BRDA:19,0,0,1
BRDA:19,0,1,1
BRDA:21,1,0,1
BRDA:21,1,1,0
BRDA:67,2,0,1
BRDA:67,2,1,0
BRDA:74,3,0,0
BRDA:74,3,1,1
BRDA:82,4,0,0
BRDA:82,4,1,1
BRDA:96,5,0,0
BRDA:96,5,1,0
BRDA:99,6,0,0
BRDA:99,6,1,0
BRDA:116,7,0,0
BRDA:116,7,1,0
BRDA:117,8,0,0
BRDA:117,8,1,0
BRDA:122,9,0,0
BRDA:122,9,1,0
BRDA:132,10,0,0
BRDA:132,10,1,0
BRDA:153,11,0,0
BRDA:153,11,1,0
BRDA:154,12,0,0
BRDA:154,12,1,0
BRDA:155,13,0,0
BRDA:155,13,1,0
BRDA:155,13,2,0
BRDA:162,14,0,0
BRDA:162,14,1,0
BRDA:168,15,0,0
BRDA:168,15,1,0
BRDA:171,16,0,0
BRDA:171,16,1,0
BRDA:182,17,0,0
BRDA:182,17,1,0
BRDA:186,18,0,0
BRDA:186,18,1,0
BRDA:195,19,0,0
BRDA:195,19,1,0
BRDA:195,19,2,0
BRDA:195,19,3,0
BRDA:195,19,4,0
BRDA:195,19,5,0
BRDA:218,20,0,0
BRDA:218,20,1,0
BRDA:218,20,2,0
BRDA:218,20,3,0
BRDA:264,21,0,0
BRDA:264,21,1,0
BRDA:264,22,0,0
BRDA:264,22,1,0
BRDA:266,23,0,0
BRDA:266,23,1,0
BRDA:266,24,0,0
BRDA:266,24,1,0
BRDA:277,25,0,0
BRDA:277,25,1,0
BRDA:277,25,2,0
BRDA:277,25,3,0
BRDA:277,25,4,0
BRDA:277,25,5,0
BRDA:306,26,0,0
BRDA:306,26,1,0
BRDA:310,27,0,0
BRDA:310,27,1,0
BRDA:310,28,0,0
BRDA:310,28,1,0
BRDA:312,29,0,0
BRDA:312,29,1,0
BRDA:326,30,0,0
BRDA:326,30,1,0
BRDA:326,31,0,0
BRDA:326,31,1,0
BRDA:341,32,0,0
BRDA:341,32,1,0
BRDA:341,33,0,0
BRDA:341,33,1,0
BRDA:379,34,0,0
BRDA:379,34,1,0
BRDA:380,35,0,0
BRDA:380,35,1,0
BRDA:380,35,2,0
BRDA:380,35,3,0
BRDA:387,36,0,0
BRDA:387,36,1,0
BRDA:396,37,0,0
BRDA:396,37,1,0
BRDA:396,38,0,0
BRDA:396,38,1,0
BRDA:415,39,0,0
BRDA:415,39,1,0
BRDA:416,40,0,0
BRDA:416,40,1,0
BRDA:416,40,2,0
BRDA:416,40,3,0
BRDA:428,41,0,0
BRDA:428,41,1,1
BRDA:428,42,0,1
BRDA:428,42,1,1
BRDA:436,43,0,1
BRDA:436,43,1,0
BRDA:445,44,0,0
BRDA:445,44,1,0
BRDA:463,45,0,0
BRDA:463,45,1,0
BRDA:467,46,0,0
BRDA:467,46,1,0
BRDA:481,47,0,1
BRDA:481,47,1,1
BRDA:482,48,0,1
BRDA:482,48,1,1
BRDA:484,49,0,1
BRDA:484,49,1,0
BRDA:490,50,0,0
BRDA:490,50,1,0
BRDA:493,51,0,0
BRDA:493,51,1,0
BRF:119
BRH:15
end_of_record
TN:
SF:libs/cdk/src/lib/render-strategies/scheduler/schedulerFeatureFlags.ts
FNF:0
FNH:0
DA:1,1
LF:1
LH:1
BRF:0
BRH:0
end_of_record
TN:
SF:libs/cdk/src/lib/render-strategies/scheduler/schedulerHostConfig.ts
FN:19,(anonymous_0)
FN:23,(anonymous_1)
FN:37,(anonymous_2)
FN:50,(anonymous_3)
FN:59,(anonymous_4)
FN:62,(anonymous_5)
FN:65,(anonymous_6)
FN:68,(anonymous_7)
FN:71,(anonymous_8)
FN:125,(anonymous_9)
FN:149,(anonymous_10)
FN:155,(anonymous_11)
FN:160,(anonymous_12)
FN:163,(anonymous_13)
FN:180,(anonymous_14)
FN:219,(anonymous_15)
FN:227,(anonymous_16)
FN:231,(anonymous_17)
FN:232,(anonymous_18)
FN:237,(anonymous_19)
FNF:20
FNH:0
FNDA:0,(anonymous_0)
FNDA:0,(anonymous_1)
FNDA:0,(anonymous_2)
FNDA:0,(anonymous_3)
FNDA:0,(anonymous_4)
FNDA:0,(anonymous_5)
FNDA:0,(anonymous_6)
FNDA:0,(anonymous_7)
FNDA:0,(anonymous_8)
FNDA:0,(anonymous_9)
FNDA:0,(anonymous_10)
FNDA:0,(anonymous_11)
FNDA:0,(anonymous_12)
FNDA:0,(anonymous_13)
FNDA:0,(anonymous_14)
FNDA:0,(anonymous_15)
FNDA:0,(anonymous_16)
FNDA:0,(anonymous_17)
FNDA:0,(anonymous_18)
FNDA:0,(anonymous_19)
DA:2,0
DA:3,0
DA:15,0
DA:17,0
DA:18,0
DA:19,0
DA:21,0
DA:22,0
DA:23,0
DA:26,0
DA:35,0
DA:36,0
DA:37,0
DA:38,0
DA:39,0
DA:40,0
DA:41,0
DA:42,0
DA:43,0
DA:45,0
DA:46,0
DA:50,0
DA:51,0
DA:53,0
DA:55,0
DA:56,0
DA:59,0
DA:60,0
DA:62,0
DA:63,0
DA:65,0
DA:66,0
DA:68,0
DA:69,0
DA:71,0
DA:74,0
DA:75,0
DA:77,0
DA:81,0
DA:82,0
DA:84,0
DA:86,0
DA:92,0
DA:94,0
DA:102,0
DA:103,0
DA:104,0
DA:110,0
DA:111,0
DA:115,0
DA:116,0
DA:118,0
DA:124,0
DA:125,0
DA:126,0
DA:127,0
DA:136,0
DA:138,0
DA:142,0
DA:145,0
DA:149,0
DA:150,0
DA:155,0
DA:156,0
DA:160,0
DA:163,0
DA:164,0
DA:166,0
DA:170,0
DA:172,0
DA:173,0
DA:176,0
DA:180,0
DA:181,0
DA:182,0
DA:186,0
DA:187,0
DA:188,0
DA:189,0
DA:193,0
DA:194,0
DA:195,0
DA:199,0
DA:204,0
DA:205,0
DA:208,0
DA:212,0
DA:215,0
DA:216,0
DA:217,0
DA:219,0
DA:220,0
DA:221,0
DA:222,0
DA:223,0
DA:227,0
DA:228,0
DA:231,0
DA:232,0
DA:233,0
DA:237,0
DA:238,0
DA:239,0
LF:103
LH:0
BRDA:15,0,0,0
BRDA:15,0,1,0
BRDA:17,1,0,0
BRDA:17,1,1,0
BRDA:26,2,0,0
BRDA:26,2,1,0
BRDA:29,3,0,0
BRDA:29,3,1,0
BRDA:38,4,0,0
BRDA:38,4,1,0
BRDA:51,5,0,0
BRDA:51,5,1,0
BRDA:77,6,0,0
BRDA:77,6,1,0
BRDA:84,7,0,0
BRDA:84,7,1,0
BRDA:92,8,0,0
BRDA:92,8,1,0
BRDA:118,9,0,0
BRDA:118,9,1,0
BRDA:119,10,0,0
BRDA:119,10,1,0
BRDA:119,10,2,0
BRDA:119,10,3,0
BRDA:127,11,0,0
BRDA:127,11,1,0
BRDA:136,12,0,0
BRDA:136,12,1,0
BRDA:136,13,0,0
BRDA:136,13,1,0
BRDA:164,14,0,0
BRDA:164,14,1,0
BRDA:164,15,0,0
BRDA:164,15,1,0
BRDA:172,16,0,0
BRDA:172,16,1,0
BRDA:181,17,0,0
BRDA:181,17,1,0
BRDA:193,18,0,0
BRDA:193,18,1,0
BRDA:199,19,0,0
BRDA:199,19,1,0
BRDA:204,20,0,0
BRDA:204,20,1,0
BRDA:221,21,0,0
BRDA:221,21,1,0
BRDA:223,22,0,0
BRDA:223,22,1,0
BRF:48
BRH:0
end_of_record
TN:
SF:libs/cdk/src/lib/render-strategies/scheduler/schedulerMinHeap.ts
FN:13,push
FN:19,peek
FN:24,pop
FN:38,siftUp
FN:56,siftDown
FN:87,compare
FNF:6
FNH:0
FNDA:0,push
FNDA:0,peek
FNDA:0,pop
FNDA:0,siftUp
FNDA:0,siftDown
FNDA:0,compare
DA:13,1
DA:14,0
DA:15,0
DA:16,0
DA:19,1
DA:20,0
DA:21,0
DA:24,1
DA:25,0
DA:26,0
DA:27,0
DA:28,0
DA:29,0
DA:30,0
DA:32,0
DA:34,0
DA:39,0
DA:40,0
DA:42,0
DA:43,0
DA:44,0
DA:46,0
DA:47,0
DA:48,0
DA:51,0
DA:57,0
DA:58,0
DA:59,0
DA:60,0
DA:61,0
DA:62,0
DA:63,0
DA:66,0
DA:67,0
DA:68,0
DA:69,0
DA:70,0
DA:72,0
DA:73,0
DA:74,0
DA:76,0
DA:77,0
DA:78,0
DA:79,0
DA:82,0
DA:89,0
DA:90,0
LF:47
LH:3
BRDA:21,0,0,0
BRDA:21,0,1,0
BRDA:26,1,0,0
BRDA:26,1,1,0
BRDA:28,2,0,0
BRDA:28,2,1,0
BRDA:44,3,0,0
BRDA:44,3,1,0
BRDA:44,4,0,0
BRDA:44,4,1,0
BRDA:66,5,0,0
BRDA:66,5,1,0
BRDA:66,6,0,0
BRDA:66,6,1,0
BRDA:67,7,0,0
BRDA:67,7,1,0
BRDA:67,8,0,0
BRDA:67,8,1,0
BRDA:76,9,0,0
BRDA:76,9,1,0
BRDA:76,10,0,0
BRDA:76,10,1,0
BRDA:90,11,0,0
BRDA:90,11,1,0
BRF:24
BRH:0
end_of_record
TN:
SF:libs/cdk/src/lib/render-strategies/scheduler/schedulerPriorities.ts
FNF:0
FNH:0
DA:13,1
DA:14,1
DA:15,1
DA:16,1
DA:17,1
DA:18,1
LF:6
LH:6
BRF:0
BRH:0
end_of_record
TN:
SF:libs/cdk/src/lib/template-management/list-template-manager.ts
FN:45,createListTemplateManager
FN:90,(anonymous_1)
FN:93,(anonymous_2)
FN:98,render
FN:100,(anonymous_4)
FN:103,(anonymous_5)
FN:119,(anonymous_6)
FN:141,(anonymous_7)
FN:147,(anonymous_8)
FN:161,getObservablesFromChangesArray
FN:167,(anonymous_10)
FN:171,(anonymous_11)
FNF:12
FNH:0
FNDA:0,createListTemplateManager
FNDA:0,(anonymous_1)
FNDA:0,(anonymous_2)
FNDA:0,render
FNDA:0,(anonymous_4)
FNDA:0,(anonymous_5)
FNDA:0,(anonymous_6)
FNDA:0,(anonymous_7)
FNDA:0,(anonymous_8)
FNDA:0,getObservablesFromChangesArray
FNDA:0,(anonymous_10)
FNDA:0,(anonymous_11)
DA:9,1
DA:10,1
DA:23,1
DA:31,1
DA:32,1
DA:37,1
DA:45,1
DA:60,0
DA:68,0
DA:69,0
DA:70,0
DA:72,0
DA:78,0
DA:83,0
DA:85,0
DA:87,0
DA:89,0
DA:91,0
DA:94,0
DA:99,0
DA:100,0
DA:101,0
DA:104,0
DA:105,0
DA:106,0
DA:107,0
DA:108,0
DA:110,0
DA:112,0
DA:120,0
DA:121,0
DA:123,0
DA:124,0
DA:125,0
DA:126,0
DA:131,0
DA:133,0
DA:134,0
DA:136,0
DA:141,0
DA:147,0
DA:166,0
DA:168,0
DA:172,0
DA:173,0
DA:174,0
DA:176,0
DA:177,0
DA:179,0
DA:185,0
DA:187,0
DA:188,0
DA:190,0
DA:191,0
DA:193,0
DA:194,0
LF:56
LH:7
BRDA:73,0,0,0
BRDA:73,0,1,0
BRDA:104,1,0,0
BRDA:104,1,1,0
BRDA:114,2,0,0
BRDA:114,2,1,0
BRDA:114,3,0,0
BRDA:114,3,1,0
BRDA:120,4,0,0
BRDA:120,4,1,0
BRDA:133,5,0,0
BRDA:133,5,1,0
BRDA:139,6,0,0
BRDA:139,6,1,0
BRDA:167,7,0,0
BRDA:167,7,1,0
BRDA:175,8,0,0
BRDA:175,8,1,0
BRDA:175,8,2,0
BRDA:175,8,3,0
BRDA:175,8,4,0
BRF:21
BRH:0
end_of_record
TN:
SF:libs/cdk/src/lib/template-management/list-view-context.ts
FN:17,(anonymous_0)
FN:18,(anonymous_1)
FN:19,(anonymous_2)
FN:106,(anonymous_3)
FN:121,(anonymous_4)
FN:37,(anonymous_5)
FN:42,(anonymous_6)
FN:46,(anonymous_7)
FN:50,(anonymous_8)
FN:54,(anonymous_9)
FN:58,(anonymous_10)
FN:62,(anonymous_11)
FN:66,(anonymous_12)
FN:70,(anonymous_13)
FN:74,(anonymous_14)
FN:78,(anonymous_15)
FN:82,(anonymous_16)
FN:86,(anonymous_17)
FN:90,(anonymous_18)
FN:94,(anonymous_19)
FN:98,(anonymous_20)
FN:102,(anonymous_21)
FN:103,(anonymous_22)
FN:114,(anonymous_23)
FNF:24
FNH:0
FNDA:0,(anonymous_0)
FNDA:0,(anonymous_1)
FNDA:0,(anonymous_2)
FNDA:0,(anonymous_3)
FNDA:0,(anonymous_4)
FNDA:0,(anonymous_5)
FNDA:0,(anonymous_6)
FNDA:0,(anonymous_7)
FNDA:0,(anonymous_8)
FNDA:0,(anonymous_9)
FNDA:0,(anonymous_10)
FNDA:0,(anonymous_11)
FNDA:0,(anonymous_12)
FNDA:0,(anonymous_13)
FNDA:0,(anonymous_14)
FNDA:0,(anonymous_15)
FNDA:0,(anonymous_16)
FNDA:0,(anonymous_17)
FNDA:0,(anonymous_18)
FNDA:0,(anonymous_19)
FNDA:0,(anonymous_20)
FNDA:0,(anonymous_21)
FNDA:0,(anonymous_22)
FNDA:0,(anonymous_23)
DA:2,1
DA:3,1
DA:17,1
DA:18,1
DA:19,1
DA:21,1
DA:26,0
DA:27,0
DA:32,0
DA:38,0
DA:39,0
DA:43,0
DA:47,0
DA:51,0
DA:55,0
DA:59,0
DA:63,0
DA:67,0
DA:71,0
DA:75,0
DA:79,0
DA:83,0
DA:87,0
DA:91,0
DA:95,0
DA:99,0
DA:103,0
DA:106,0
DA:108,0
DA:109,0
DA:110,0
DA:115,0
DA:121,0
DA:122,0
LF:34
LH:6
BRDA:109,0,0,0
BRDA:109,0,1,0
BRF:2
BRH:0
end_of_record
TN:
SF:libs/cdk/src/lib/template-management/list-view-handler.ts
FN:18,getTemplateHandler
FN:30,(anonymous_1)
FN:31,(anonymous_2)
FN:44,updateUnchangedContext
FN:46,(anonymous_4)
FN:55,moveView
FN:63,(anonymous_6)
FN:72,updateView
FN:74,(anonymous_8)
FN:83,removeView
FN:84,(anonymous_10)
FN:87,insertView
FN:88,(anonymous_12)
FN:130,getListChanges
FN:137,(anonymous_14)
FN:156,(anonymous_15)
FN:161,(anonymous_16)
FN:170,getMoveChange
FN:181,getUpdateChange
FN:188,getUnchangedChange
FN:192,getInsertChange
FN:202,getRemoveChange
FNF:22
FNH:0
FNDA:0,getTemplateHandler
FNDA:0,(anonymous_1)
FNDA:0,(anonymous_2)
FNDA:0,updateUnchangedContext
FNDA:0,(anonymous_4)
FNDA:0,moveView
FNDA:0,(anonymous_6)
FNDA:0,updateView
FNDA:0,(anonymous_8)
FNDA:0,removeView
FNDA:0,(anonymous_10)
FNDA:0,insertView
FNDA:0,(anonymous_12)
FNDA:0,getListChanges
FNDA:0,(anonymous_14)
FNDA:0,(anonymous_15)
FNDA:0,(anonymous_16)
FNDA:0,getMoveChange
FNDA:0,getUpdateChange
FNDA:0,getUnchangedChange
FNDA:0,getInsertChange
FNDA:0,getRemoveChange
DA:9,1
DA:18,1
DA:27,0
DA:29,0
DA:30,0
DA:31,0
DA:33,0
DA:45,0
DA:46,0
DA:47,0
DA:51,0
DA:61,0
DA:62,0
DA:63,0
DA:64,0
DA:68,0
DA:73,0
DA:74,0
DA:75,0
DA:79,0
DA:84,0
DA:88,0
DA:89,0
DA:134,0
DA:135,0
DA:136,0
DA:137,0
DA:138,0
DA:139,0
DA:141,0
DA:142,0
DA:143,0
DA:144,0
DA:146,0
DA:147,0
DA:148,0
DA:149,0
DA:151,0
DA:152,0
DA:153,0
DA:156,0
DA:157,0
DA:158,0
DA:159,0
DA:161,0
DA:162,0
DA:163,0
DA:166,0
DA:175,0
DA:185,0
DA:189,0
DA:196,0
DA:206,0
LF:53
LH:2
BRDA:30,0,0,0
BRDA:30,0,1,0
BRDA:139,1,0,0
BRDA:139,1,1,0
BRDA:144,2,0,0
BRDA:144,2,1,0
BRDA:149,3,0,0
BRDA:149,3,1,0
BRDA:162,4,0,0
BRDA:162,4,1,0
BRDA:198,5,0,0
BRDA:198,5,1,0
BRDA:208,6,0,0
BRDA:208,6,1,0
BRF:14
BRH:0
end_of_record
TN:
SF:libs/cdk/src/lib/template-management/model.ts
FN:14,(anonymous_0)
FNF:1
FNH:1
FNDA:1,(anonymous_0)
DA:14,1
DA:15,1
DA:16,1
DA:17,1
LF:4
LH:4
BRDA:14,0,0,1
BRDA:14,0,1,1
BRF:2
BRH:2
end_of_record
TN:
SF:libs/cdk/src/lib/template-management/template-manager.ts
FN:55,notificationKindToViewContext
FN:60,(anonymous_1)
FN:70,(anonymous_2)
FN:80,(anonymous_3)
FN:90,(anonymous_4)
FN:112,createTemplateManager
FN:152,(anonymous_6)
FN:153,(anonymous_7)
FN:159,(anonymous_8)
FN:166,(anonymous_9)
FN:181,(anonymous_10)
FN:189,(anonymous_11)
FN:194,(anonymous_12)
FN:202,(anonymous_13)
FN:206,(anonymous_14)
FN:220,(anonymous_15)
FN:230,(anonymous_16)
FNF:17
FNH:0
FNDA:0,notificationKindToViewContext
FNDA:0,(anonymous_1)
FNDA:0,(anonymous_2)
FNDA:0,(anonymous_3)
FNDA:0,(anonymous_4)
FNDA:0,createTemplateManager
FNDA:0,(anonymous_6)
FNDA:0,(anonymous_7)
FNDA:0,(anonymous_8)
FNDA:0,(anonymous_9)
FNDA:0,(anonymous_10)
FNDA:0,(anonymous_11)
FNDA:0,(anonymous_12)
FNDA:0,(anonymous_13)
FNDA:0,(anonymous_14)
FNDA:0,(anonymous_15)
FNDA:0,(anonymous_16)
DA:2,1
DA:3,1
DA:21,1
DA:22,1
DA:30,1
DA:55,1
DA:59,0
DA:61,0
DA:62,0
DA:71,0
DA:72,0
DA:81,0
DA:82,0
DA:91,0
DA:92,0
DA:112,1
DA:126,0
DA:134,0
DA:136,0
DA:142,0
DA:143,0
DA:144,0
DA:146,0
DA:147,0
DA:151,0
DA:152,0
DA:153,0
DA:155,0
DA:160,0
DA:167,0
DA:168,0
DA:169,0
DA:174,0
DA:175,0
DA:176,0
DA:177,0
DA:182,0
DA:183,0
DA:187,0
DA:189,0
DA:192,0
DA:194,0
DA:195,0
DA:198,0
DA:201,0
DA:202,0
DA:203,0
DA:206,0
DA:208,0
DA:220,0
DA:231,0
DA:232,0
LF:52
LH:7
BRDA:137,0,0,0
BRDA:137,0,1,0
BRDA:146,1,0,0
BRDA:146,1,1,0
BRDA:152,2,0,0
BRDA:152,2,1,0
BRDA:176,3,0,0
BRDA:176,3,1,0
BRDA:183,4,0,0
BRDA:183,4,1,0
BRDA:187,5,0,0
BRDA:187,5,1,0
BRDA:192,6,0,0
BRDA:192,6,1,0
BRDA:198,7,0,0
BRDA:198,7,1,0
BRF:16
BRH:0
end_of_record
TN:
SF:libs/cdk/src/lib/template-management/utils.ts
FN:49,getTNode
FN:76,extractProjectionParentViewSet
FN:99,extractProjectionViews
FN:115,renderProjectionParents
FN:120,(anonymous_4)
FN:123,(anonymous_5)
FN:131,(anonymous_6)
FN:142,(anonymous_7)
FN:161,createEmbeddedView
FN:179,templateHandling
FN:188,(anonymous_10)
FN:192,(anonymous_11)
FN:203,(anonymous_12)
FN:208,assertTemplate
FN:235,notifyAllParentsIfNeeded
FN:241,(anonymous_15)
FN:244,(anonymous_16)
FN:257,(anonymous_17)
FN:278,notifyInjectingParentIfNeeded
FN:289,(anonymous_19)
FN:308,getVirtualParentNotifications$
FN:324,(anonymous_21)
FNF:22
FNH:0
FNDA:0,getTNode
FNDA:0,extractProjectionParentViewSet
FNDA:0,extractProjectionViews
FNDA:0,renderProjectionParents
FNDA:0,(anonymous_4)
FNDA:0,(anonymous_5)
FNDA:0,(anonymous_6)
FNDA:0,(anonymous_7)
FNDA:0,createEmbeddedView
FNDA:0,templateHandling
FNDA:0,(anonymous_10)
FNDA:0,(anonymous_11)
FNDA:0,(anonymous_12)
FNDA:0,assertTemplate
FNDA:0,notifyAllParentsIfNeeded
FNDA:0,(anonymous_15)
FNDA:0,(anonymous_16)
FNDA:0,(anonymous_17)
FNDA:0,notifyInjectingParentIfNeeded
FNDA:0,(anonymous_19)
FNDA:0,getVirtualParentNotifications$
FNDA:0,(anonymous_21)
DA:1,1
DA:11,1
DA:20,1
DA:26,1
DA:28,1
DA:33,1
DA:34,1
DA:35,1
DA:36,1
DA:37,1
DA:49,1
DA:50,0
DA:51,0
DA:52,0
DA:54,0
DA:55,0
DA:57,0
DA:58,0
DA:59,0
DA:60,0
DA:62,0
DA:64,0
DA:76,1
DA:80,0
DA:81,0
DA:82,0
DA:83,0
DA:84,0
DA:85,0
DA:86,0
DA:87,0
DA:91,0
DA:92,0
DA:94,0
DA:96,0
DA:99,1
DA:103,0
DA:115,1
DA:120,0
DA:121,0
DA:124,0
DA:125,0
DA:126,0
DA:127,0
DA:132,0
DA:138,0
DA:142,0
DA:146,0
DA:161,1
DA:167,0
DA:168,0
DA:169,0
DA:179,1
DA:186,0
DA:188,0
DA:189,0
DA:191,0
DA:193,0
DA:194,0
DA:195,0
DA:197,0
DA:204,0
DA:212,0
DA:215,0
DA:216,0
DA:220,0
DA:235,1
DA:241,0
DA:242,0
DA:245,0
DA:246,0
DA:247,0
DA:249,0
DA:253,0
DA:257,0
DA:261,0
DA:262,0
DA:264,0
DA:278,1
DA:283,0
DA:291,0
DA:308,1
DA:313,0
DA:317,0
DA:318,0
DA:319,0
DA:326,0
DA:332,0
LF:88
LH:19
BRDA:51,0,0,0
BRDA:51,0,1,0
BRDA:57,1,0,0
BRDA:57,1,1,0
BRDA:59,2,0,0
BRDA:59,2,1,0
BRDA:59,3,0,0
BRDA:59,3,1,0
BRDA:85,4,0,0
BRDA:85,4,1,0
BRDA:87,5,0,0
BRDA:87,5,1,0
BRDA:143,6,0,0
BRDA:143,6,1,0
BRDA:165,7,0,0
BRDA:194,8,0,0
BRDA:194,8,1,0
BRDA:213,9,0,0
BRDA:213,9,1,0
BRDA:215,10,0,0
BRDA:215,10,1,0
BRDA:246,11,0,0
BRDA:246,11,1,0
BRDA:250,12,0,0
BRDA:250,12,1,0
BRDA:258,13,0,0
BRDA:258,13,1,0
BRDA:261,14,0,0
BRDA:261,14,1,0
BRDA:286,15,0,0
BRDA:286,15,1,0
BRF:31
BRH:0
end_of_record
TN:
SF:libs/cdk/src/lib/utils/coalesceWith.ts
FN:43,coalesceWith
FN:49,(anonymous_1)
FN:50,(anonymous_2)
FN:60,createInnerObserver
FN:67,(anonymous_4)
FN:77,(anonymous_5)
FN:81,(anonymous_6)
FN:82,(anonymous_7)
FN:88,(anonymous_8)
FN:89,(anonymous_9)
FN:94,(anonymous_10)
FN:100,(anonymous_11)
FNF:12
FNH:0
FNDA:0,coalesceWith
FNDA:0,(anonymous_1)
FNDA:0,(anonymous_2)
FNDA:0,createInnerObserver
FNDA:0,(anonymous_4)
FNDA:0,(anonymous_5)
FNDA:0,(anonymous_6)
FNDA:0,(anonymous_7)
FNDA:0,(anonymous_8)
FNDA:0,(anonymous_9)
FNDA:0,(anonymous_10)
FNDA:0,(anonymous_11)
DA:1,1
DA:10,1
DA:43,1
DA:47,0
DA:49,0
DA:50,0
DA:51,0
DA:52,0
DA:55,0
DA:58,0
DA:67,0
DA:68,0
DA:70,0
DA:71,0
DA:72,0
DA:76,0
DA:78,0
DA:79,0
DA:81,0
DA:83,0
DA:84,0
DA:86,0
DA:87,0
DA:88,0
DA:90,0
DA:91,0
DA:92,0
DA:95,0
DA:96,0
DA:99,0
DA:101,0
DA:102,0
DA:103,0
DA:104,0
LF:34
LH:3
BRDA:47,0,0,0
BRDA:47,0,1,0
BRDA:68,1,0,0
BRDA:68,1,1,0
BRDA:71,2,0,0
BRDA:71,2,1,0
BRDA:84,3,0,0
BRDA:84,3,1,0
BRDA:102,4,0,0
BRDA:102,4,1,0
BRF:10
BRH:0
end_of_record
TN:
SF:libs/cdk/src/lib/utils/coalescingManager.ts
FN:42,createPropertiesWeakMap
FN:53,getProperties
FN:64,(anonymous_2)
FN:74,setProperties
FN:76,(anonymous_4)
FN:83,hasKey
FN:90,(anonymous_6)
FN:102,createCoalesceManager
FN:110,removeWork
FN:121,addWork
FN:131,isCoalescing
FNF:11
FNH:2
FNDA:1,createPropertiesWeakMap
FNDA:0,getProperties
FNDA:0,(anonymous_2)
FNDA:0,setProperties
FNDA:0,(anonymous_4)
FNDA:0,hasKey
FNDA:0,(anonymous_6)
FNDA:1,createCoalesceManager
FNDA:0,removeWork
FNDA:0,addWork
FNDA:0,isCoalescing
DA:11,1
DA:46,1
DA:48,1
DA:54,0
DA:55,0
DA:58,0
DA:59,0
DA:61,0
DA:63,0
DA:65,0
DA:69,0
DA:71,0
DA:75,0
DA:76,0
DA:77,0
DA:79,0
DA:80,0
DA:84,0
DA:87,1
DA:90,0
DA:103,1
DA:112,0
DA:114,0
DA:123,0
DA:125,0
DA:132,0
LF:26
LH:5
BRDA:58,0,0,0
BRDA:58,0,1,0
BRDA:65,1,0,0
BRDA:65,1,1,0
BRDA:116,2,0,0
BRDA:116,2,1,0
BRF:6
BRH:0
end_of_record
TN:
SF:libs/cdk/src/lib/utils/coerceDistinctObservable.ts
FN:21,coerceDistinctObservable
FNF:1
FNH:0
FNDA:0,coerceDistinctObservable
DA:8,1
DA:9,1
DA:21,1
DA:25,0
DA:26,0
LF:5
LH:3
BRDA:25,0,0,0
BRDA:25,0,1,0
BRF:2
BRH:0
end_of_record
TN:
SF:libs/cdk/src/lib/utils/coerceDistinctObservableWith.ts
FN:21,coerceDistinctWith
FN:25,(anonymous_1)
FNF:2
FNH:0
FNDA:0,coerceDistinctWith
FNDA:0,(anonymous_1)
DA:8,1
DA:9,1
DA:21,1
DA:24,0
DA:25,0
DA:26,0
LF:6
LH:3
BRDA:24,0,0,0
BRDA:24,0,1,0
BRF:2
BRH:0
end_of_record
TN:
SF:libs/cdk/src/lib/utils/coerceObservable.ts
FN:8,coerceObservable
FNF:1
FNH:0
FNDA:0,coerceObservable
DA:1,1
DA:8,1
DA:11,0
LF:3
LH:2
BRDA:11,0,0,0
BRDA:11,0,1,0
BRF:2
BRH:0
end_of_record
TN:
SF:libs/cdk/src/lib/utils/coerceObservableWith.ts
FN:9,coerceObservableWith
FN:13,(anonymous_1)
FNF:2
FNH:0
FNDA:0,coerceObservableWith
FNDA:0,(anonymous_1)
DA:2,1
DA:3,1
DA:9,1
DA:13,0
LF:4
LH:3
BRF:0
BRH:0
end_of_record
TN:
SF:libs/cdk/src/lib/utils/hotFlatten.ts
FN:18,hotFlatten
FN:32,(anonymous_1)
FNF:2
FNH:0
FNDA:0,hotFlatten
FNDA:0,(anonymous_1)
DA:1,1
DA:2,1
DA:3,1
DA:18,1
DA:25,0
DA:26,0
DA:27,0
DA:31,0
DA:33,0
LF:9
LH:4
BRDA:25,0,0,0
BRDA:25,0,1,0
BRDA:26,1,0,0
BRDA:26,1,1,0
BRF:4
BRH:0
end_of_record
TN:
SF:libs/cdk/src/lib/utils/notification-transforms.ts
FN:8,toRxErrorNotification
FN:20,toRxSuspenseNotification
FN:31,toRxCompleteNotification
FNF:3
FNH:0
FNDA:0,toRxErrorNotification
FNDA:0,toRxSuspenseNotification
FNDA:0,toRxCompleteNotification
DA:1,1
DA:8,1
DA:12,0
DA:20,1
DA:23,0
DA:31,1
DA:34,0
LF:7
LH:4
BRDA:14,0,0,0
BRDA:14,0,1,0
BRDA:17,1,0,0
BRDA:17,1,1,0
BRDA:25,2,0,0
BRDA:25,2,1,0
BRDA:36,3,0,0
BRDA:36,3,1,0
BRF:8
BRH:0
end_of_record
TN:
SF:libs/cdk/src/lib/utils/onStrategy.ts
FN:16,onStrategy
FN:28,(anonymous_1)
FNF:2
FNH:0
FNDA:0,onStrategy
FNDA:0,(anonymous_1)
DA:6,1
DA:16,1
DA:26,0
DA:28,0
LF:4
LH:2
BRDA:24,0,0,0
BRDA:29,1,0,0
BRDA:29,1,1,0
BRF:3
BRH:0
end_of_record
TN:
SF:libs/cdk/src/lib/utils/rxMaterialize.ts
FN:14,(anonymous_0)
FN:39,rxMaterialize
FN:40,(anonymous_2)
FN:43,(anonymous_3)
FNF:4
FNH:0
FNDA:0,(anonymous_0)
FNDA:0,rxMaterialize
FNDA:0,(anonymous_2)
FNDA:0,(anonymous_3)
DA:2,1
DA:8,1
DA:9,1
DA:14,1
DA:17,0
DA:18,0
DA:19,0
DA:21,0
DA:22,0
DA:25,0
DA:33,1
DA:39,1
DA:40,0
DA:41,0
DA:44,0
DA:45,0
LF:16
LH:6
BRDA:18,0,0,0
BRDA:18,0,1,0
BRDA:21,1,0,0
BRDA:21,1,1,0
BRDA:44,2,0,0
BRDA:44,2,1,0
BRF:6
BRH:0
end_of_record
TN:
SF:libs/cdk/src/lib/utils/strategy-handling.ts
FN:15,strategyHandling
FN:23,(anonymous_1)
FN:32,(anonymous_2)
FN:41,nameToStrategyCredentials
FN:45,(anonymous_4)
FN:49,(anonymous_5)
FNF:6
FNH:0
FNDA:0,strategyHandling
FNDA:0,(anonymous_1)
FNDA:0,(anonymous_2)
FNDA:0,nameToStrategyCredentials
FNDA:0,(anonymous_4)
FNDA:0,(anonymous_5)
DA:2,1
DA:3,1
DA:4,1
DA:15,1
DA:22,0
DA:23,0
DA:26,0
DA:33,0
DA:45,0
DA:48,0
DA:50,0
LF:11
LH:4
BRDA:51,0,0,0
BRDA:51,0,1,0
BRDA:50,1,0,0
BRDA:50,1,1,0
BRF:4
BRH:0
end_of_record
TN:
SF:libs/cdk/src/lib/utils/template-trigger-handling.ts
FN:13,templateTriggerHandling
FN:18,(anonymous_1)
FN:22,(anonymous_2)
FNF:3
FNH:0
FNDA:0,templateTriggerHandling
FNDA:0,(anonymous_1)
FNDA:0,(anonymous_2)
DA:1,1
DA:3,1
DA:4,1
DA:13,1
DA:17,0
DA:18,0
DA:21,0
DA:23,0
LF:8
LH:4
BRF:0
BRH:0
end_of_record
TN:
SF:libs/cdk/src/lib/utils/templateNotifier.ts
FN:25,templateNotifier
FN:34,(anonymous_1)
FN:38,(anonymous_2)
FN:49,(anonymous_3)
FN:57,(anonymous_4)
FN:58,(anonymous_5)
FN:59,(anonymous_6)
FN:63,(anonymous_7)
FN:86,(anonymous_8)
FNF:9
FNH:0
FNDA:0,templateNotifier
FNDA:0,(anonymous_1)
FNDA:0,(anonymous_2)
FNDA:0,(anonymous_3)
FNDA:0,(anonymous_4)
FNDA:0,(anonymous_5)
FNDA:0,(anonymous_6)
FNDA:0,(anonymous_7)
FNDA:0,(anonymous_8)
DA:1,1
DA:10,1
DA:18,1
DA:19,1
DA:20,1
DA:25,1
DA:31,0
DA:32,0
DA:34,0
DA:35,0
DA:39,0
DA:41,0
DA:42,0
DA:44,0
DA:45,0
DA:46,0
DA:48,0
DA:50,0
DA:51,0
DA:53,0
DA:57,0
DA:58,0
DA:60,0
DA:64,0
DA:68,0
DA:72,0
DA:76,0
DA:85,0
DA:87,0
LF:29
LH:6
BRDA:34,0,0,0
BRDA:34,0,1,0
BRDA:41,1,0,0
BRDA:41,1,1,0
BRDA:41,2,0,0
BRDA:41,2,1,0
BRDA:41,2,2,0
BRDA:42,3,0,0
BRDA:42,3,1,0
BRDA:45,4,0,0
BRDA:45,4,1,0
BRDA:48,5,0,0
BRDA:48,5,1,0
BRDA:50,6,0,0
BRDA:50,6,1,0
BRDA:50,7,0,0
BRDA:50,7,1,0
BRDA:50,7,2,0
BRDA:66,8,0,0
BRDA:66,8,1,0
BRDA:68,9,0,0
BRDA:68,9,1,0
BRDA:69,10,0,0
BRDA:69,10,1,0
BRF:24
BRH:0
end_of_record
TN:
SF:libs/cdk/src/lib/zone-configuration/convenience-methods.ts
FN:7,(anonymous_0)
FN:10,(anonymous_1)
FN:14,(anonymous_2)
FNF:3
FNH:3
FNDA:1,(anonymous_0)
FNDA:1,(anonymous_1)
FNDA:1,(anonymous_2)
DA:5,1
DA:7,1
DA:9,1
DA:11,1
DA:12,1
DA:15,1
DA:16,1
LF:7
LH:7
BRF:0
BRH:0
end_of_record
TN:
SF:libs/cdk/src/lib/zone-configuration/event-names.ts
FNF:0
FNH:0
DA:4,1
DA:10,1
DA:26,1
DA:33,1
DA:45,1
DA:48,1
DA:55,1
DA:68,1
DA:87,1
DA:92,1
DA:95,1
DA:105,1
DA:116,1
DA:148,1
DA:163,1
DA:177,1
DA:180,1
DA:202,1
LF:18
LH:18
BRF:0
BRH:0
end_of_record
TN:
SF:libs/cdk/src/lib/zone-configuration/zone-cfg.ts
FN:28,assertZoneConfig
FN:35,(anonymous_1)
FN:36,(anonymous_2)
FN:42,(anonymous_3)
FN:43,(anonymous_4)
FN:49,(anonymous_5)
FN:50,(anonymous_6)
FN:60,(anonymous_7)
FN:61,(anonymous_8)
FN:77,createZoneFlagsConfigurator
FN:83,(anonymous_10)
FN:89,(anonymous_11)
FN:93,(anonymous_12)
FN:94,(anonymous_13)
FNF:14
FNH:14
FNDA:38,assertZoneConfig
FNDA:24,(anonymous_1)
FNDA:26,(anonymous_2)
FNDA:5,(anonymous_3)
FNDA:5,(anonymous_4)
FNDA:2,(anonymous_5)
FNDA:7,(anonymous_6)
FNDA:4,(anonymous_7)
FNDA:31,(anonymous_8)
FNDA:1,createZoneFlagsConfigurator
FNDA:24,(anonymous_10)
FNDA:7,(anonymous_11)
FNDA:1,(anonymous_12)
FNDA:31,(anonymous_13)
DA:1,1
DA:2,1
DA:20,1
DA:22,1
DA:23,1
DA:29,38
DA:31,0
DA:35,24
DA:37,26
DA:38,26
DA:42,5
DA:44,5
DA:45,5
DA:49,2
DA:51,7
DA:52,7
DA:53,7
DA:60,1
DA:61,31
DA:78,1
DA:79,1
DA:83,24
DA:89,7
DA:93,1
DA:94,1
DA:96,31
DA:100,1
DA:125,1
DA:153,1
LF:29
LH:28
BRDA:29,0,0,0
BRDA:29,0,1,38
BRDA:54,1,0,0
BRDA:54,1,1,7
BRDA:96,2,0,31
BRDA:96,2,1,4
BRF:6
BRH:4
end_of_record
TN:
SF:libs/cdk/src/lib/zone-configuration/model/configurations.types.ts
FNF:0
FNH:0
DA:41,1
DA:74,1
DA:84,1
DA:93,1
DA:104,1
DA:117,1
LF:6
LH:6
BRF:0
BRH:0
end_of_record
TN:
SF:libs/cdk/src/lib/zone-less/utils.ts
FN:21,getZoneUnPatchedApi
FNF:1
FNH:1
FNDA:1,getZoneUnPatchedApi
DA:1,1
DA:21,1
DA:25,1
LF:3
LH:3
BRDA:23,0,0,1
BRDA:25,1,0,0
BRDA:25,1,1,1
BRDA:25,2,0,1
BRDA:25,2,1,1
BRF:5
BRH:4
end_of_record
TN:
SF:libs/cdk/src/lib/zone-less/browser/browser.ts
FN:14,queueMicrotask
FN:36,requestAnimationFrame
FN:61,cancelAnimationFrame
FN:82,setInterval
FN:106,clearInterval
FN:127,setTimeout
FN:149,clearTimeout
FN:157,unpatchAddEventListener
FNF:8
FNH:0
FNDA:0,queueMicrotask
FNDA:0,requestAnimationFrame
FNDA:0,cancelAnimationFrame
FNDA:0,setInterval
FNDA:0,clearInterval
FNDA:0,setTimeout
FNDA:0,clearTimeout
FNDA:0,unpatchAddEventListener
DA:1,1
DA:14,1
DA:15,0
DA:18,1
DA:36,1
DA:37,0
DA:61,1
DA:62,0
DA:82,1
DA:83,0
DA:106,1
DA:107,0
DA:127,1
DA:128,0
DA:149,1
DA:150,0
DA:157,1
DA:158,0
DA:161,0
LF:19
LH:10
BRDA:82,0,0,0
BRDA:127,1,0,0
BRF:2
BRH:0
end_of_record
TN:
SF:libs/cdk/src/lib/zone-less/rxjs/observable/interval.ts
FN:53,interval
FN:65,(anonymous_1)
FN:73,dispatch
FNF:3
FNH:0
FNDA:0,interval
FNDA:0,(anonymous_1)
FNDA:0,dispatch
DA:1,1
DA:2,1
DA:3,1
DA:53,1
DA:57,0
DA:58,0
DA:61,0
DA:62,0
DA:65,0
DA:66,0
DA:69,0
DA:74,0
DA:75,0
DA:76,0
LF:14
LH:4
BRDA:54,0,0,0
BRDA:55,1,0,0
BRDA:57,2,0,0
BRDA:57,2,1,0
BRDA:57,3,0,0
BRDA:57,3,1,0
BRDA:61,4,0,0
BRDA:61,4,1,0
BRDA:61,5,0,0
BRDA:61,5,1,0
BRF:10
BRH:0
end_of_record
TN:
SF:libs/cdk/src/lib/zone-less/rxjs/observable/timer.ts
FN:55,timer
FN:71,(anonymous_1)
FN:90,dispatch
FNF:3
FNH:0
FNDA:0,timer
FNDA:0,(anonymous_1)
FNDA:0,dispatch
DA:1,1
DA:2,1
DA:3,1
DA:55,1
DA:60,0
DA:61,0
DA:62,0
DA:63,0
DA:64,0
DA:67,0
DA:68,0
DA:71,0
DA:72,0
DA:76,0
DA:91,0
DA:92,0
DA:94,0
DA:95,0
DA:96,0
DA:97,0
DA:100,0
DA:101,0
LF:22
LH:4
BRDA:56,0,0,0
BRDA:61,1,0,0
BRDA:61,1,1,0
BRDA:62,2,0,0
BRDA:62,2,1,0
BRDA:62,2,2,0
BRDA:63,3,0,0
BRDA:63,3,1,0
BRDA:67,4,0,0
BRDA:67,4,1,0
BRDA:73,5,0,0
BRDA:73,5,1,0
BRDA:94,6,0,0
BRDA:94,6,1,0
BRDA:96,7,0,0
BRDA:96,7,1,0
BRF:16
BRH:0
end_of_record
TN:
SF:libs/cdk/src/lib/zone-less/rxjs/observable/utils.ts
FN:3,isNumeric
FN:11,isScheduler
FNF:2
FNH:0
FNDA:0,isNumeric
FNDA:0,isScheduler
DA:3,1
DA:8,0
DA:11,1
DA:12,0
LF:4
LH:2
BRDA:8,0,0,0
BRDA:8,0,1,0
BRDA:12,1,0,0
BRDA:12,1,1,0
BRF:4
BRH:0
end_of_record
TN:
SF:libs/cdk/src/lib/zone-less/rxjs/operators/fromEvent.ts
FN:7,(anonymous_0)
FN:9,(anonymous_1)
FN:96,fromEvent
FN:115,(anonymous_3)
FN:121,(anonymous_4)
FN:122,handler
FN:139,setupSubscription
FN:154,(anonymous_7)
FN:163,(anonymous_8)
FN:167,(anonymous_9)
FN:180,isNodeStyleEventEmitter
FN:190,isJQueryStyleEventEmitter
FN:200,isEventTarget
FNF:13
FNH:1
FNDA:0,(anonymous_0)
FNDA:1,(anonymous_1)
FNDA:0,fromEvent
FNDA:0,(anonymous_3)
FNDA:0,(anonymous_4)
FNDA:0,handler
FNDA:0,setupSubscription
FNDA:0,(anonymous_7)
FNDA:0,(anonymous_8)
FNDA:0,(anonymous_9)
FNDA:0,isNodeStyleEventEmitter
FNDA:0,isJQueryStyleEventEmitter
FNDA:0,isEventTarget
DA:2,1
DA:3,1
DA:4,1
DA:7,1
DA:8,1
DA:9,1
DA:96,1
DA:102,0
DA:105,0
DA:106,0
DA:108,0
DA:110,0
DA:116,0
DA:121,0
DA:123,0
DA:124,0
DA:126,0
DA:129,0
DA:147,0
DA:148,0
DA:149,0
DA:154,0
DA:155,0
DA:160,0
DA:161,0
DA:162,0
DA:163,0
DA:164,0
DA:165,0
DA:166,0
DA:167,0
DA:168,0
DA:169,0
DA:170,0
DA:171,0
DA:174,0
DA:177,0
DA:183,0
DA:193,0
DA:203,0
LF:40
LH:7
BRDA:102,0,0,0
BRDA:102,0,1,0
BRDA:108,1,0,0
BRDA:108,1,1,0
BRDA:116,2,0,0
BRDA:116,2,1,0
BRDA:123,3,0,0
BRDA:123,3,1,0
BRDA:147,4,0,0
BRDA:147,4,1,0
BRDA:160,5,0,0
BRDA:160,5,1,0
BRDA:164,6,0,0
BRDA:164,6,1,0
BRDA:169,7,0,0
BRDA:169,7,1,0
BRDA:169,8,0,0
BRDA:169,8,1,0
BRDA:184,9,0,0
BRDA:184,9,1,0
BRDA:184,9,2,0
BRDA:194,10,0,0
BRDA:194,10,1,0
BRDA:194,10,2,0
BRDA:204,11,0,0
BRDA:204,11,1,0
BRDA:204,11,2,0
BRF:27
BRH:0
end_of_record
TN:
SF:libs/cdk/src/lib/zone-less/rxjs/scheduler/Action.ts
FN:21,(anonymous_0)
FN:37,(anonymous_1)
FNF:2
FNH:0
FNDA:0,(anonymous_0)
FNDA:0,(anonymous_1)
DA:2,1
DA:20,1
DA:25,0
DA:38,0
LF:4
LH:2
BRDA:37,0,0,0
BRF:1
BRH:0
end_of_record
TN:
SF:libs/cdk/src/lib/zone-less/rxjs/scheduler/Scheduler.ts
FN:6,nowFn
FN:7,(anonymous_1)
FN:38,(anonymous_2)
FN:72,(anonymous_3)
FNF:4
FNH:2
FNDA:1,nowFn
FNDA:0,(anonymous_1)
FNDA:4,(anonymous_2)
FNDA:0,(anonymous_3)
DA:6,1
DA:7,1
DA:8,1
DA:30,1
DA:36,1
DA:39,4
DA:42,4
DA:77,0
LF:8
LH:7
BRDA:40,0,0,0
BRDA:74,1,0,0
BRF:2
BRH:0
end_of_record
TN:
SF:libs/cdk/src/lib/zone-less/rxjs/scheduler/animation-frame/AnimationFrameAction.ts
FN:16,(anonymous_0)
FN:23,(anonymous_1)
FN:40,(anonymous_2)
FN:45,(anonymous_3)
FNF:4
FNH:0
FNDA:0,(anonymous_0)
FNDA:0,(anonymous_1)
FNDA:0,(anonymous_2)
FNDA:0,(anonymous_3)
DA:2,1
DA:5,1
DA:15,1
DA:17,0
DA:18,0
DA:20,0
DA:29,0
DA:30,0
DA:34,0
DA:38,0
DA:41,0
DA:53,0
DA:54,0
DA:59,0
DA:60,0
DA:61,0
DA:64,0
LF:17
LH:3
BRDA:26,0,0,0
BRDA:29,1,0,0
BRDA:29,1,1,0
BRDA:29,2,0,0
BRDA:29,2,1,0
BRDA:39,3,0,0
BRDA:39,3,1,0
BRDA:48,4,0,0
BRDA:53,5,0,0
BRDA:53,5,1,0
BRDA:53,6,0,0
BRDA:53,6,1,0
BRDA:53,6,2,0
BRDA:53,6,3,0
BRDA:59,7,0,0
BRDA:59,7,1,0
BRF:16
BRH:0
end_of_record
TN:
SF:libs/cdk/src/lib/zone-less/rxjs/scheduler/animation-frame/AnimationFrameScheduler.ts
FN:6,(anonymous_0)
FNF:1
FNH:0
FNDA:0,(anonymous_0)
DA:3,1
DA:5,1
DA:7,0
DA:8,0
DA:10,0
DA:12,0
DA:13,0
DA:14,0
DA:16,0
DA:17,0
DA:18,0
DA:22,0
DA:24,0
DA:25,0
DA:26,0
DA:28,0
LF:16
LH:2
BRDA:14,0,0,0
BRDA:14,0,1,0
BRDA:20,1,0,0
BRDA:20,1,1,0
BRDA:17,2,0,0
BRDA:17,2,1,0
BRDA:24,3,0,0
BRDA:24,3,1,0
BRDA:25,4,0,0
BRDA:25,4,1,0
BRF:10
BRH:0
end_of_record
TN:
SF:libs/cdk/src/lib/zone-less/rxjs/scheduler/animation-frame/animationFrame.ts
FNF:0
FNH:0
DA:2,1
DA:3,1
DA:38,1
LF:3
LH:3
BRF:0
BRH:0
end_of_record
TN:
SF:libs/cdk/src/lib/zone-less/rxjs/scheduler/asap/AsapAction.ts
FN:13,(anonymous_0)
FN:20,(anonymous_1)
FN:41,(anonymous_2)
FN:74,findAndClearHandle
FN:86,(anonymous_4)
FN:92,(anonymous_5)
FN:96,(anonymous_6)
FN:105,(anonymous_7)
FNF:8
FNH:0
FNDA:0,(anonymous_0)
FNDA:0,(anonymous_1)
FNDA:0,(anonymous_2)
FNDA:0,findAndClearHandle
FNDA:0,(anonymous_4)
FNDA:0,(anonymous_5)
FNDA:0,(anonymous_6)
FNDA:0,(anonymous_7)
DA:2,1
DA:5,1
DA:12,1
DA:14,0
DA:15,0
DA:17,0
DA:26,0
DA:27,0
DA:30,0
DA:34,0
DA:49,0
DA:50,0
DA:55,0
DA:56,0
DA:57,0
DA:60,0
DA:64,1
DA:67,1
DA:75,0
DA:76,0
DA:77,0
DA:79,0
DA:85,1
DA:87,0
DA:88,0
DA:89,0
DA:90,0
DA:92,0
DA:93,0
DA:97,0
DA:104,1
DA:106,0
LF:32
LH:7
BRDA:23,0,0,0
BRDA:26,1,0,0
BRDA:26,1,1,0
BRDA:26,2,0,0
BRDA:26,2,1,0
BRDA:35,3,0,0
BRDA:35,3,1,0
BRDA:44,4,0,0
BRDA:49,5,0,0
BRDA:49,5,1,0
BRDA:49,6,0,0
BRDA:49,6,1,0
BRDA:49,6,2,0
BRDA:49,6,3,0
BRDA:55,7,0,0
BRDA:55,7,1,0
BRDA:75,8,0,0
BRDA:75,8,1,0
BRDA:89,9,0,0
BRDA:89,9,1,0
BRDA:92,10,0,0
BRDA:92,10,1,0
BRF:22
BRH:0
end_of_record
TN:
SF:libs/cdk/src/lib/zone-less/rxjs/scheduler/asap/AsapScheduler.ts
FN:6,(anonymous_0)
FNF:1
FNH:0
FNDA:0,(anonymous_0)
DA:3,1
DA:5,1
DA:7,0
DA:8,0
DA:10,0
DA:12,0
DA:13,0
DA:14,0
DA:16,0
DA:17,0
DA:18,0
DA:22,0
DA:24,0
DA:25,0
DA:26,0
DA:28,0
LF:16
LH:2
BRDA:14,0,0,0
BRDA:14,0,1,0
BRDA:20,1,0,0
BRDA:20,1,1,0
BRDA:17,2,0,0
BRDA:17,2,1,0
BRDA:24,3,0,0
BRDA:24,3,1,0
BRDA:25,4,0,0
BRDA:25,4,1,0
BRF:10
BRH:0
end_of_record
TN:
SF:libs/cdk/src/lib/zone-less/rxjs/scheduler/asap/asap.ts
FNF:0
FNH:0
DA:2,1
DA:3,1
DA:41,1
LF:3
LH:3
BRF:0
BRH:0
end_of_record
TN:
SF:libs/cdk/src/lib/zone-less/rxjs/scheduler/async/AsyncAction.ts
FN:20,(anonymous_0)
FN:27,(anonymous_1)
FN:74,(anonymous_2)
FN:82,(anonymous_3)
FN:101,(anonymous_4)
FN:128,(anonymous_5)
FN:144,(anonymous_6)
FNF:7
FNH:0
FNDA:0,(anonymous_0)
FNDA:0,(anonymous_1)
FNDA:0,(anonymous_2)
FNDA:0,(anonymous_3)
FNDA:0,(anonymous_4)
FNDA:0,(anonymous_5)
FNDA:0,(anonymous_6)
DA:3,1
DA:6,1
DA:13,1
DA:18,0
DA:21,0
DA:22,0
DA:24,0
DA:28,0
DA:29,0
DA:33,0
DA:35,0
DA:36,0
DA:59,0
DA:60,0
DA:65,0
DA:67,0
DA:69,0
DA:71,0
DA:79,0
DA:88,0
DA:89,0
DA:93,0
DA:94,0
DA:102,0
DA:103,0
DA:106,0
DA:107,0
DA:108,0
DA:109,0
DA:110,0
DA:124,0
DA:129,0
DA:131,0
DA:132,0
DA:134,0
DA:135,0
DA:137,0
DA:138,0
DA:139,0
DA:145,0
DA:146,0
DA:147,0
DA:149,0
DA:151,0
DA:152,0
DA:153,0
DA:154,0
DA:156,0
DA:157,0
DA:160,0
DA:161,0
DA:164,0
LF:52
LH:3
BRDA:27,0,0,0
BRDA:28,1,0,0
BRDA:28,1,1,0
BRDA:59,2,0,0
BRDA:59,2,1,0
BRDA:69,3,0,0
BRDA:69,3,1,0
BRDA:77,4,0,0
BRDA:85,5,0,0
BRDA:88,6,0,0
BRDA:88,6,1,0
BRDA:88,7,0,0
BRDA:88,7,1,0
BRDA:88,7,2,0
BRDA:102,8,0,0
BRDA:102,8,1,0
BRDA:108,9,0,0
BRDA:108,9,1,0
BRDA:110,10,0,0
BRDA:110,10,1,0
BRDA:110,11,0,0
BRDA:110,11,1,0
BRDA:135,12,0,0
BRDA:135,12,1,0
BRDA:135,12,2,0
BRDA:137,13,0,0
BRDA:137,13,1,0
BRDA:156,14,0,0
BRDA:156,14,1,0
BRDA:160,15,0,0
BRDA:160,15,1,0
BRF:31
BRH:0
end_of_record
TN:
SF:libs/cdk/src/lib/zone-less/rxjs/scheduler/async/AsyncScheduler.ts
FN:27,(anonymous_0)
FN:31,(anonymous_1)
FN:40,(anonymous_2)
FN:52,(anonymous_3)
FNF:4
FNH:1
FNDA:4,(anonymous_0)
FNDA:0,(anonymous_1)
FNDA:0,(anonymous_2)
FNDA:0,(anonymous_3)
DA:4,1
DA:8,1
DA:9,1
DA:10,4
DA:17,4
DA:25,4
DA:31,4
DA:32,0
DA:33,0
DA:35,0
DA:45,0
DA:46,0
DA:48,0
DA:53,0
DA:55,0
DA:56,0
DA:57,0
DA:61,0
DA:63,0
DA:64,0
DA:65,0
DA:70,0
DA:72,0
DA:74,0
DA:75,0
DA:77,0
LF:26
LH:7
BRDA:29,0,0,4
BRDA:32,1,0,0
BRDA:32,1,1,0
BRDA:32,2,0,0
BRDA:32,2,1,0
BRDA:42,3,0,0
BRDA:45,4,0,0
BRDA:45,4,1,0
BRDA:45,5,0,0
BRDA:45,5,1,0
BRDA:55,6,0,0
BRDA:55,6,1,0
BRDA:64,7,0,0
BRDA:64,7,1,0
BRDA:72,8,0,0
BRDA:72,8,1,0
BRF:16
BRH:1
end_of_record
TN:
SF:libs/cdk/src/lib/zone-less/rxjs/scheduler/async/async.ts
FNF:0
FNH:0
DA:2,1
DA:3,1
DA:53,1
LF:3
LH:3
BRF:0
BRH:0
end_of_record
TN:
SF:libs/cdk/src/lib/zone-less/rxjs/scheduler/queue/QueueAction.ts
FN:13,(anonymous_0)
FN:20,(anonymous_1)
FN:31,(anonymous_2)
FN:37,(anonymous_3)
FNF:4
FNH:0
FNDA:0,(anonymous_0)
FNDA:0,(anonymous_1)
FNDA:0,(anonymous_2)
FNDA:0,(anonymous_3)
DA:2,1
DA:12,1
DA:14,0
DA:15,0
DA:17,0
DA:21,0
DA:22,0
DA:24,0
DA:25,0
DA:27,0
DA:28,0
DA:32,0
DA:45,0
DA:46,0
DA:50,0
LF:15
LH:2
BRDA:20,0,0,0
BRDA:21,1,0,0
BRDA:21,1,1,0
BRDA:33,2,0,0
BRDA:33,2,1,0
BRDA:32,3,0,0
BRDA:32,3,1,0
BRDA:40,4,0,0
BRDA:45,5,0,0
BRDA:45,5,1,0
BRDA:45,6,0,0
BRDA:45,6,1,0
BRDA:45,6,2,0
BRDA:45,6,3,0
BRF:14
BRH:0
end_of_record
TN:
SF:libs/cdk/src/lib/zone-less/rxjs/scheduler/queue/QueueScheduler.ts
FNF:0
FNH:0
DA:2,1
DA:4,1
LF:2
LH:2
BRF:0
BRH:0
end_of_record
TN:
SF:libs/cdk/src/lib/zone-less/rxjs/scheduler/queue/queue.ts
FNF:0
FNH:0
DA:2,1
DA:3,1
DA:69,1
LF:3
LH:3
BRF:0
BRH:0
end_of_record
